<?xml version="1.0" encoding="UTF-8"?>
<!-- Generated by org.testng.reporters.JUnitReportReporter -->
<testsuite hostname="DESKTOP-O0L33S4" failures="0" tests="1" name="testCases.TC001_AccountRegistarionTest" time="2.246" errors="0" timestamp="2025-03-22T11:54:32 IST" skipped="0">
  <testcase classname="testCases.TC001_AccountRegistarionTest" name="verify_account_Registration" time="2.246"/>
</testsuite> <!-- testCases.TC001_AccountRegistarionTest -->
