<?xml version="1.0" encoding="UTF-8"?>
<!-- Generated by org.testng.reporters.JUnitReportReporter -->
<testsuite hostname="DESKTOP-O0L33S4" failures="0" tests="2" name="testCases.TC002_LoginTest" time="3.587" errors="0" timestamp="2025-03-27T18:18:14 IST" skipped="0">
  <testcase classname="testCases.TC002_LoginTest" name="verify_login" time="1.822"/>
  <testcase classname="testCases.TC002_LoginTest" name="verify_login" time="1.765"/>
</testsuite> <!-- testCases.TC002_LoginTest -->
