<?xml version="1.0" encoding="UTF-8"?>
<!-- Generated by org.testng.reporters.JUnitReportReporter -->
<testsuite hostname="DESKTOP-O0L33S4" failures="0" tests="2" name="testCases.TC001_AccountRegistrationTest" time="11.416" errors="0" timestamp="2025-03-27T18:18:14 IST" skipped="0">
  <testcase classname="testCases.TC001_AccountRegistrationTest" name="verify_account_Registration" time="5.462"/>
  <testcase classname="testCases.TC001_AccountRegistrationTest" name="verify_account_Registration" time="5.954"/>
</testsuite> <!-- testCases.TC001_AccountRegistrationTest -->
