<?xml version="1.0" encoding="UTF-8"?>
<!-- Generated by org.testng.reporters.JUnitReportReporter -->
<testsuite hostname="DESKTOP-O0L33S4" failures="0" tests="1" name="testCases.TC001_AccountRegistrationTest" time="6.703" errors="0" timestamp="2025-03-31T13:03:21 IST" skipped="0">
  <testcase classname="testCases.TC001_AccountRegistrationTest" name="verify_account_Registration" time="6.703"/>
</testsuite> <!-- testCases.TC001_AccountRegistrationTest -->
