<?xml version="1.0" encoding="UTF-8"?>
<!-- Generated by org.testng.reporters.JUnitReportReporter -->
<testsuite hostname="DESKTOP-O0L33S4" failures="0" tests="1" name="testCases.TC002_LoginTest" time="1.724" errors="0" timestamp="2025-03-31T13:03:21 IST" skipped="0">
  <testcase classname="testCases.TC002_LoginTest" name="verify_login" time="1.724"/>
</testsuite> <!-- testCases.TC002_LoginTest -->
